<?xml version="1.0" encoding="UTF-8" ?>
<testsuites>
  <testsuite failures="0" hostname="dell-shubhamsaini" id="0" name="Training Project/tests" package="" skipped="0" tests="4" time="547.858" timestamp="Mon Oct 18 13:21:22 IST 2021">
	    <properties>
		      <property name="excludeCallableTestCases" value="true" />

		      <property name="testEnvironment" value="TestEnv" />

		      <property name="pluginOutputLevel" value="WARNING" />

		      <property name="projectPath" value=".." />

		      <property name="salesforceMetadataCache" value="Reload" />

		      <property name="resultsPathDisposition" value="Increment" />

		      <property name="testOutputLevel" value="INFO" />

		      <property name="webBrowserType" value="Chrome" />

		      <property name="resultsPath" value="../ANT/Results" />

		      <property name="webBrowserConfiguration" value="Full Screen" />

		      <property name="projectCachePath" value="C:\Users\shubham.saini\Training Use Case WS\Training Project\ANT\..\..\.provarCaches" />

	    </properties>

	    <testcase classname="tests/CustomAPI.testcase" name="CustomAPI.testcase" time="0.044">
	</testcase>

	    <testcase classname="tests/EmailURL.testcase" name="EmailURL.testcase" time="39.507">
	</testcase>

	    <testcase classname="tests/Sale &amp; Service\Service.testcase" name="Service.testcase" time="500.792">
	</testcase>

	    <testcase classname="tests/WebService.testcase" name="WebService.testcase" time="2.079">
	</testcase>

  </testsuite>
</testsuites>
