<?xml version="1.0" encoding="UTF-8" ?>
<testsuites>
  <testsuite failures="1" hostname="dell-shubhamsaini" id="0" name="Training Project/tests" package="" skipped="0" tests="4" time="55.229" timestamp="Mon Oct 18 09:47:24 IST 2021">
	    <properties>
		      <property name="excludeCallableTestCases" value="true" />

		      <property name="testEnvironment" value="TestEnv" />

		      <property name="pluginOutputLevel" value="WARNING" />

		      <property name="projectPath" value=".." />

		      <property name="salesforceMetadataCache" value="Reload" />

		      <property name="resultsPathDisposition" value="Increment" />

		      <property name="testOutputLevel" value="INFO" />

		      <property name="webBrowserType" value="Chrome" />

		      <property name="resultsPath" value="../ANT/Results" />

		      <property name="webBrowserConfiguration" value="Full Screen" />

		      <property name="projectCachePath" value="C:\Users\shubham.saini\Training Use Case WS\Training Project\ANT\..\..\.provarCaches" />

	    </properties>

	    <testcase classname="tests/CustomAPI.testcase" name="CustomAPI.testcase" time="0.032">
	</testcase>

	    <testcase classname="tests/EmailURL.testcase" name="EmailURL.testcase" time="39.31">
	</testcase>

	    <testcase classname="tests/Sale &amp; Service\Service.testcase" name="Service.testcase" time="12.491">
		      <failure message="Execution failed"><![CDATA[Error loading object definition.  Object name: Lead, Cause: Error loading the Lead object - No Object metadata was returned by the Tooling API.  Object: Lead]]></failure>

	    </testcase>

	    <testcase classname="tests/WebService.testcase" name="WebService.testcase" time="1.799">
	</testcase>

  </testsuite>
</testsuites>
